INFO:root:Starting filling holes.
INFO:root:executing primary maphorner loop, degree: 0
INFO:root:executing secondary maphorner loop, piece: 3x^4
INFO:root:executing secondary maphorner loop, piece: 2x^3
INFO:root:executing secondary maphorner loop, piece: 7x^1
INFO:root:executing secondary maphorner loop, piece: 1x^0
INFO:root:found piece of degree 0 
INFO:root:executing primary maphorner loop, degree: 1
INFO:root:executing secondary maphorner loop, piece: 3x^4
INFO:root:executing secondary maphorner loop, piece: 2x^3
INFO:root:executing secondary maphorner loop, piece: 7x^1
INFO:root:found piece of degree 1 
INFO:root:executing secondary maphorner loop, piece: 1x^0
INFO:root:executing primary maphorner loop, degree: 2
INFO:root:executing secondary maphorner loop, piece: 3x^4
INFO:root:executing secondary maphorner loop, piece: 2x^3
INFO:root:executing secondary maphorner loop, piece: 7x^1
INFO:root:executing secondary maphorner loop, piece: 1x^0
INFO:root:piece of degree 2 not found, adding to end.
INFO:root:executing primary maphorner loop, degree: 3
INFO:root:executing secondary maphorner loop, piece: 3x^4
INFO:root:executing secondary maphorner loop, piece: 2x^3
INFO:root:found piece of degree 3 
INFO:root:executing secondary maphorner loop, piece: 7x^1
INFO:root:executing secondary maphorner loop, piece: 1x^0
INFO:root:executing secondary maphorner loop, piece: 0x^2
INFO:root:Holes filled.
INFO:root:Sorting started.
INFO:root:executing sorting primary loop, piece: 0
INFO:root:executing sorting secondary loop, piece: 3x^4
INFO:root:executing sorting secondary loop, piece: 2x^3
INFO:root:executing sorting secondary loop, piece: 7x^1
INFO:root:executing sorting secondary loop, piece: 1x^0
INFO:root:executing sorting secondary loop, piece: 0x^2
INFO:root:appending found highest degree piece (3x^4) into new array, and removing from old one.
INFO:root:executing sorting primary loop, piece: 1
INFO:root:executing sorting secondary loop, piece: 2x^3
INFO:root:executing sorting secondary loop, piece: 7x^1
INFO:root:executing sorting secondary loop, piece: 1x^0
INFO:root:executing sorting secondary loop, piece: 0x^2
INFO:root:appending found highest degree piece (2x^3) into new array, and removing from old one.
INFO:root:executing sorting primary loop, piece: 2
INFO:root:executing sorting secondary loop, piece: 7x^1
INFO:root:executing sorting secondary loop, piece: 1x^0
INFO:root:executing sorting secondary loop, piece: 0x^2
INFO:root:found new highestdegree at: 2
INFO:root:appending found highest degree piece (0x^2) into new array, and removing from old one.
INFO:root:executing sorting primary loop, piece: 3
INFO:root:executing sorting secondary loop, piece: 7x^1
INFO:root:executing sorting secondary loop, piece: 1x^0
INFO:root:appending found highest degree piece (7x^1) into new array, and removing from old one.
INFO:root:executing sorting primary loop, piece: 4
INFO:root:executing sorting secondary loop, piece: 1x^0
INFO:root:appending found highest degree piece (1x^0) into new array, and removing from old one.
INFO:root:Switching arrays
INFO:root:Preparing division
INFO:root:Entry data: [3, 2, 0, 7, 1]
INFO:root:Zeroing factor: -1
INFO:root:Beginning division
INFO:root:Division loop active, iteration: 1 got -1
INFO:root:Division loop active, iteration: 2 got 1
INFO:root:Division loop active, iteration: 3 got 6
INFO:root:Division loop active, iteration: 4 got -5
INFO:root:Divison resulted in: [3, -1, 1, 6, -5]
INFO:root:Reconstruction will be necessary.
INFO:root:Beginning reconstruction...
INFO:root:Reconstruction complete
INFO:root:Starting filling holes.
INFO:root:executing primary maphorner loop, degree: 0
INFO:root:executing secondary maphorner loop, piece: 3x^4
INFO:root:executing secondary maphorner loop, piece: 2x^3
INFO:root:executing secondary maphorner loop, piece: 7x^1
INFO:root:executing secondary maphorner loop, piece: 1x^0
INFO:root:found piece of degree 0 
INFO:root:executing primary maphorner loop, degree: 1
INFO:root:executing secondary maphorner loop, piece: 3x^4
INFO:root:executing secondary maphorner loop, piece: 2x^3
INFO:root:executing secondary maphorner loop, piece: 7x^1
INFO:root:found piece of degree 1 
INFO:root:executing secondary maphorner loop, piece: 1x^0
INFO:root:executing primary maphorner loop, degree: 2
INFO:root:executing secondary maphorner loop, piece: 3x^4
INFO:root:executing secondary maphorner loop, piece: 2x^3
INFO:root:executing secondary maphorner loop, piece: 7x^1
INFO:root:executing secondary maphorner loop, piece: 1x^0
INFO:root:piece of degree 2 not found, adding to end.
INFO:root:executing primary maphorner loop, degree: 3
INFO:root:executing secondary maphorner loop, piece: 3x^4
INFO:root:executing secondary maphorner loop, piece: 2x^3
INFO:root:found piece of degree 3 
INFO:root:executing secondary maphorner loop, piece: 7x^1
INFO:root:executing secondary maphorner loop, piece: 1x^0
INFO:root:executing secondary maphorner loop, piece: 0x^2
INFO:root:Holes filled.
INFO:root:Sorting started.
INFO:root:executing sorting primary loop, piece: 0
INFO:root:executing sorting secondary loop, piece: 3x^4
INFO:root:executing sorting secondary loop, piece: 2x^3
INFO:root:executing sorting secondary loop, piece: 7x^1
INFO:root:executing sorting secondary loop, piece: 1x^0
INFO:root:executing sorting secondary loop, piece: 0x^2
INFO:root:appending found highest degree piece (3x^4) into new array, and removing from old one.
INFO:root:executing sorting primary loop, piece: 1
INFO:root:executing sorting secondary loop, piece: 2x^3
INFO:root:executing sorting secondary loop, piece: 7x^1
INFO:root:executing sorting secondary loop, piece: 1x^0
INFO:root:executing sorting secondary loop, piece: 0x^2
INFO:root:appending found highest degree piece (2x^3) into new array, and removing from old one.
INFO:root:executing sorting primary loop, piece: 2
INFO:root:executing sorting secondary loop, piece: 7x^1
INFO:root:executing sorting secondary loop, piece: 1x^0
INFO:root:executing sorting secondary loop, piece: 0x^2
INFO:root:found new highestdegree at: 2
INFO:root:appending found highest degree piece (0x^2) into new array, and removing from old one.
INFO:root:executing sorting primary loop, piece: 3
INFO:root:executing sorting secondary loop, piece: 7x^1
INFO:root:executing sorting secondary loop, piece: 1x^0
INFO:root:appending found highest degree piece (7x^1) into new array, and removing from old one.
INFO:root:executing sorting primary loop, piece: 4
INFO:root:executing sorting secondary loop, piece: 1x^0
INFO:root:appending found highest degree piece (1x^0) into new array, and removing from old one.
INFO:root:Switching arrays
INFO:root:Preparing division
INFO:root:Entry data: [3, 2, 0, 7, 1]
INFO:root:Zeroing factor: -1
INFO:root:Beginning division
INFO:root:Division loop active, iteration: 1 got -1
INFO:root:Division loop active, iteration: 2 got 1
INFO:root:Division loop active, iteration: 3 got 6
INFO:root:Division loop active, iteration: 4 got -5
INFO:root:Divison resulted in: [3, -1, 1, 6, -5]
INFO:root:Reconstruction will be necessary.
INFO:root:Beginning reconstruction...
INFO:root:Reconstruction complete
INFO:root:Starting filling holes.
INFO:root:executing primary maphorner loop, degree: 0
INFO:root:executing secondary maphorner loop, piece: 1x^3
INFO:root:executing secondary maphorner loop, piece: -2x^2
INFO:root:executing secondary maphorner loop, piece: 4x^1
INFO:root:executing secondary maphorner loop, piece: -8x^0
INFO:root:found piece of degree 0 
INFO:root:executing primary maphorner loop, degree: 1
INFO:root:executing secondary maphorner loop, piece: 1x^3
INFO:root:executing secondary maphorner loop, piece: -2x^2
INFO:root:executing secondary maphorner loop, piece: 4x^1
INFO:root:found piece of degree 1 
INFO:root:executing secondary maphorner loop, piece: -8x^0
INFO:root:executing primary maphorner loop, degree: 2
INFO:root:executing secondary maphorner loop, piece: 1x^3
INFO:root:executing secondary maphorner loop, piece: -2x^2
INFO:root:found piece of degree 2 
INFO:root:executing secondary maphorner loop, piece: 4x^1
INFO:root:executing secondary maphorner loop, piece: -8x^0
INFO:root:Holes filled.
INFO:root:Sorting started.
INFO:root:executing sorting primary loop, piece: 0
INFO:root:executing sorting secondary loop, piece: 1x^3
INFO:root:executing sorting secondary loop, piece: -2x^2
INFO:root:executing sorting secondary loop, piece: 4x^1
INFO:root:executing sorting secondary loop, piece: -8x^0
INFO:root:appending found highest degree piece (1x^3) into new array, and removing from old one.
INFO:root:executing sorting primary loop, piece: 1
INFO:root:executing sorting secondary loop, piece: -2x^2
INFO:root:executing sorting secondary loop, piece: 4x^1
INFO:root:executing sorting secondary loop, piece: -8x^0
INFO:root:appending found highest degree piece (-2x^2) into new array, and removing from old one.
INFO:root:executing sorting primary loop, piece: 2
INFO:root:executing sorting secondary loop, piece: 4x^1
INFO:root:executing sorting secondary loop, piece: -8x^0
INFO:root:appending found highest degree piece (4x^1) into new array, and removing from old one.
INFO:root:executing sorting primary loop, piece: 3
INFO:root:executing sorting secondary loop, piece: -8x^0
INFO:root:appending found highest degree piece (-8x^0) into new array, and removing from old one.
INFO:root:Switching arrays
INFO:root:Preparing division
INFO:root:Entry data: [1, -2, 4, -8]
INFO:root:Zeroing factor: 2
INFO:root:Beginning division
INFO:root:Division loop active, iteration: 1 got 0
INFO:root:Division loop active, iteration: 2 got 4
INFO:root:Division loop active, iteration: 3 got 0
INFO:root:Divison resulted in: [1, 0, 4, 0]
INFO:root:Reconstruction will be necessary.
INFO:root:Beginning reconstruction...
INFO:root:Reconstruction complete
INFO:root:Starting filling holes.
INFO:root:executing primary maphorner loop, degree: 0
INFO:root:executing secondary maphorner loop, piece: 0x^3
INFO:root:executing secondary maphorner loop, piece: -2x^2
INFO:root:executing secondary maphorner loop, piece: 4x^1
INFO:root:executing secondary maphorner loop, piece: -8x^0
INFO:root:found piece of degree 0 
INFO:root:executing primary maphorner loop, degree: 1
INFO:root:executing secondary maphorner loop, piece: 0x^3
INFO:root:executing secondary maphorner loop, piece: -2x^2
INFO:root:executing secondary maphorner loop, piece: 4x^1
INFO:root:found piece of degree 1 
INFO:root:executing secondary maphorner loop, piece: -8x^0
INFO:root:executing primary maphorner loop, degree: 2
INFO:root:executing secondary maphorner loop, piece: 0x^3
INFO:root:executing secondary maphorner loop, piece: -2x^2
INFO:root:found piece of degree 2 
INFO:root:executing secondary maphorner loop, piece: 4x^1
INFO:root:executing secondary maphorner loop, piece: -8x^0
INFO:root:Holes filled.
INFO:root:Sorting started.
INFO:root:executing sorting primary loop, piece: 0
INFO:root:executing sorting secondary loop, piece: 0x^3
INFO:root:executing sorting secondary loop, piece: -2x^2
INFO:root:executing sorting secondary loop, piece: 4x^1
INFO:root:executing sorting secondary loop, piece: -8x^0
INFO:root:appending found highest degree piece (0x^3) into new array, and removing from old one.
INFO:root:executing sorting primary loop, piece: 1
INFO:root:executing sorting secondary loop, piece: -2x^2
INFO:root:executing sorting secondary loop, piece: 4x^1
INFO:root:executing sorting secondary loop, piece: -8x^0
INFO:root:appending found highest degree piece (-2x^2) into new array, and removing from old one.
INFO:root:executing sorting primary loop, piece: 2
INFO:root:executing sorting secondary loop, piece: 4x^1
INFO:root:executing sorting secondary loop, piece: -8x^0
INFO:root:appending found highest degree piece (4x^1) into new array, and removing from old one.
INFO:root:executing sorting primary loop, piece: 3
INFO:root:executing sorting secondary loop, piece: -8x^0
INFO:root:appending found highest degree piece (-8x^0) into new array, and removing from old one.
INFO:root:Switching arrays
INFO:root:Preparing division
INFO:root:Entry data: [0, -2, 4, -8]
INFO:root:Zeroing factor: 2
INFO:root:Beginning division
INFO:root:Division loop active, iteration: 1 got -2
INFO:root:Division loop active, iteration: 2 got 0
INFO:root:Division loop active, iteration: 3 got -8
INFO:root:Divison resulted in: [0, -2, 0, -8]
INFO:root:Reconstruction will be necessary.
INFO:root:Beginning reconstruction...
INFO:root:Reconstruction complete
INFO:root:Starting filling holes.
INFO:root:executing primary maphorner loop, degree: 0
INFO:root:executing secondary maphorner loop, piece: 0x^3
INFO:root:executing secondary maphorner loop, piece: -2x^2
INFO:root:executing secondary maphorner loop, piece: 4x^1
INFO:root:executing secondary maphorner loop, piece: -8x^0
INFO:root:found piece of degree 0 
INFO:root:executing primary maphorner loop, degree: 1
INFO:root:executing secondary maphorner loop, piece: 0x^3
INFO:root:executing secondary maphorner loop, piece: -2x^2
INFO:root:executing secondary maphorner loop, piece: 4x^1
INFO:root:found piece of degree 1 
INFO:root:executing secondary maphorner loop, piece: -8x^0
INFO:root:executing primary maphorner loop, degree: 2
INFO:root:executing secondary maphorner loop, piece: 0x^3
INFO:root:executing secondary maphorner loop, piece: -2x^2
INFO:root:found piece of degree 2 
INFO:root:executing secondary maphorner loop, piece: 4x^1
INFO:root:executing secondary maphorner loop, piece: -8x^0
INFO:root:Holes filled.
INFO:root:Sorting started.
INFO:root:executing sorting primary loop, piece: 0
INFO:root:executing sorting secondary loop, piece: 0x^3
INFO:root:executing sorting secondary loop, piece: -2x^2
INFO:root:executing sorting secondary loop, piece: 4x^1
INFO:root:executing sorting secondary loop, piece: -8x^0
INFO:root:appending found highest degree piece (0x^3) into new array, and removing from old one.
INFO:root:executing sorting primary loop, piece: 1
INFO:root:executing sorting secondary loop, piece: -2x^2
INFO:root:executing sorting secondary loop, piece: 4x^1
INFO:root:executing sorting secondary loop, piece: -8x^0
INFO:root:appending found highest degree piece (-2x^2) into new array, and removing from old one.
INFO:root:executing sorting primary loop, piece: 2
INFO:root:executing sorting secondary loop, piece: 4x^1
INFO:root:executing sorting secondary loop, piece: -8x^0
INFO:root:appending found highest degree piece (4x^1) into new array, and removing from old one.
INFO:root:executing sorting primary loop, piece: 3
INFO:root:executing sorting secondary loop, piece: -8x^0
INFO:root:appending found highest degree piece (-8x^0) into new array, and removing from old one.
INFO:root:Switching arrays
INFO:root:Preparing division
INFO:root:Entry data: [0, -2, 4, -8]
INFO:root:Zeroing factor: 2
INFO:root:Beginning division
INFO:root:Division loop active, iteration: 1 got -2
INFO:root:Division loop active, iteration: 2 got 0
INFO:root:Division loop active, iteration: 3 got -8
INFO:root:Divison resulted in: [0, -2, 0, -8]
INFO:root:Reconstruction will be necessary.
INFO:root:Beginning reconstruction...
INFO:root:Reconstruction complete
INFO:root:Starting filling holes.
INFO:root:executing primary maphorner loop, degree: 0
INFO:root:executing secondary maphorner loop, piece: 0x^3
INFO:root:executing secondary maphorner loop, piece: -2x^2
INFO:root:executing secondary maphorner loop, piece: 4x^1
INFO:root:executing secondary maphorner loop, piece: -8x^0
INFO:root:found piece of degree 0 
INFO:root:executing primary maphorner loop, degree: 1
INFO:root:executing secondary maphorner loop, piece: 0x^3
INFO:root:executing secondary maphorner loop, piece: -2x^2
INFO:root:executing secondary maphorner loop, piece: 4x^1
INFO:root:found piece of degree 1 
INFO:root:executing secondary maphorner loop, piece: -8x^0
INFO:root:executing primary maphorner loop, degree: 2
INFO:root:executing secondary maphorner loop, piece: 0x^3
INFO:root:executing secondary maphorner loop, piece: -2x^2
INFO:root:found piece of degree 2 
INFO:root:executing secondary maphorner loop, piece: 4x^1
INFO:root:executing secondary maphorner loop, piece: -8x^0
INFO:root:Holes filled.
INFO:root:Sorting started.
INFO:root:executing sorting primary loop, piece: 0
INFO:root:executing sorting secondary loop, piece: 0x^3
INFO:root:executing sorting secondary loop, piece: -2x^2
INFO:root:executing sorting secondary loop, piece: 4x^1
INFO:root:executing sorting secondary loop, piece: -8x^0
INFO:root:appending found highest degree piece (0x^3) into new array, and removing from old one.
INFO:root:executing sorting primary loop, piece: 1
INFO:root:executing sorting secondary loop, piece: -2x^2
INFO:root:executing sorting secondary loop, piece: 4x^1
INFO:root:executing sorting secondary loop, piece: -8x^0
INFO:root:appending found highest degree piece (-2x^2) into new array, and removing from old one.
INFO:root:executing sorting primary loop, piece: 2
INFO:root:executing sorting secondary loop, piece: 4x^1
INFO:root:executing sorting secondary loop, piece: -8x^0
INFO:root:appending found highest degree piece (4x^1) into new array, and removing from old one.
INFO:root:executing sorting primary loop, piece: 3
INFO:root:executing sorting secondary loop, piece: -8x^0
INFO:root:appending found highest degree piece (-8x^0) into new array, and removing from old one.
INFO:root:Switching arrays
INFO:root:Preparing division
INFO:root:Entry data: [0, -2, 4, -8]
INFO:root:Zeroing factor: 2
INFO:root:Beginning division
INFO:root:Division loop active, iteration: 1 got -2
INFO:root:Division loop active, iteration: 2 got 0
INFO:root:Division loop active, iteration: 3 got -8
INFO:root:Divison resulted in: [0, -2, 0, -8]
INFO:root:Reconstruction will be necessary.
INFO:root:Beginning reconstruction...
INFO:root:Reconstruction complete
INFO:root:Starting filling holes.
INFO:root:executing primary maphorner loop, degree: 0
INFO:root:executing secondary maphorner loop, piece: 1x^3
INFO:root:executing secondary maphorner loop, piece: -2x^2
INFO:root:executing secondary maphorner loop, piece: 4x^1
INFO:root:executing secondary maphorner loop, piece: -8x^0
INFO:root:found piece of degree 0 
INFO:root:executing primary maphorner loop, degree: 1
INFO:root:executing secondary maphorner loop, piece: 1x^3
INFO:root:executing secondary maphorner loop, piece: -2x^2
INFO:root:executing secondary maphorner loop, piece: 4x^1
INFO:root:found piece of degree 1 
INFO:root:executing secondary maphorner loop, piece: -8x^0
INFO:root:executing primary maphorner loop, degree: 2
INFO:root:executing secondary maphorner loop, piece: 1x^3
INFO:root:executing secondary maphorner loop, piece: -2x^2
INFO:root:found piece of degree 2 
INFO:root:executing secondary maphorner loop, piece: 4x^1
INFO:root:executing secondary maphorner loop, piece: -8x^0
INFO:root:Holes filled.
INFO:root:Sorting started.
INFO:root:executing sorting primary loop, piece: 0
INFO:root:executing sorting secondary loop, piece: 1x^3
INFO:root:executing sorting secondary loop, piece: -2x^2
INFO:root:executing sorting secondary loop, piece: 4x^1
INFO:root:executing sorting secondary loop, piece: -8x^0
INFO:root:appending found highest degree piece (1x^3) into new array, and removing from old one.
INFO:root:executing sorting primary loop, piece: 1
INFO:root:executing sorting secondary loop, piece: -2x^2
INFO:root:executing sorting secondary loop, piece: 4x^1
INFO:root:executing sorting secondary loop, piece: -8x^0
INFO:root:appending found highest degree piece (-2x^2) into new array, and removing from old one.
INFO:root:executing sorting primary loop, piece: 2
INFO:root:executing sorting secondary loop, piece: 4x^1
INFO:root:executing sorting secondary loop, piece: -8x^0
INFO:root:appending found highest degree piece (4x^1) into new array, and removing from old one.
INFO:root:executing sorting primary loop, piece: 3
INFO:root:executing sorting secondary loop, piece: -8x^0
INFO:root:appending found highest degree piece (-8x^0) into new array, and removing from old one.
INFO:root:Switching arrays
INFO:root:Preparing division
INFO:root:Entry data: [1, -2, 4, -8]
INFO:root:Zeroing factor: 2
INFO:root:Beginning division
INFO:root:Division loop active, iteration: 1 got 0
INFO:root:Division loop active, iteration: 2 got 4
INFO:root:Division loop active, iteration: 3 got 0
INFO:root:Divison resulted in: [1, 0, 4, 0]
INFO:root:Reconstruction will be necessary.
INFO:root:Beginning reconstruction...
INFO:root:Reconstruction complete
INFO:root:Starting filling holes.
INFO:root:executing primary maphorner loop, degree: 0
INFO:root:executing secondary maphorner loop, piece: 2x^4
INFO:root:executing secondary maphorner loop, piece: -3x^3
INFO:root:executing secondary maphorner loop, piece: 5x^2
INFO:root:executing secondary maphorner loop, piece: 9x^1
INFO:root:executing secondary maphorner loop, piece: -1x^0
INFO:root:found piece of degree 0 
INFO:root:executing primary maphorner loop, degree: 1
INFO:root:executing secondary maphorner loop, piece: 2x^4
INFO:root:executing secondary maphorner loop, piece: -3x^3
INFO:root:executing secondary maphorner loop, piece: 5x^2
INFO:root:executing secondary maphorner loop, piece: 9x^1
INFO:root:found piece of degree 1 
INFO:root:executing secondary maphorner loop, piece: -1x^0
INFO:root:executing primary maphorner loop, degree: 2
INFO:root:executing secondary maphorner loop, piece: 2x^4
INFO:root:executing secondary maphorner loop, piece: -3x^3
INFO:root:executing secondary maphorner loop, piece: 5x^2
INFO:root:found piece of degree 2 
INFO:root:executing secondary maphorner loop, piece: 9x^1
INFO:root:executing secondary maphorner loop, piece: -1x^0
INFO:root:executing primary maphorner loop, degree: 3
INFO:root:executing secondary maphorner loop, piece: 2x^4
INFO:root:executing secondary maphorner loop, piece: -3x^3
INFO:root:found piece of degree 3 
INFO:root:executing secondary maphorner loop, piece: 5x^2
INFO:root:executing secondary maphorner loop, piece: 9x^1
INFO:root:executing secondary maphorner loop, piece: -1x^0
INFO:root:Holes filled.
INFO:root:Sorting started.
INFO:root:executing sorting primary loop, piece: 0
INFO:root:executing sorting secondary loop, piece: 2x^4
INFO:root:executing sorting secondary loop, piece: -3x^3
INFO:root:executing sorting secondary loop, piece: 5x^2
INFO:root:executing sorting secondary loop, piece: 9x^1
INFO:root:executing sorting secondary loop, piece: -1x^0
INFO:root:appending found highest degree piece (2x^4) into new array, and removing from old one.
INFO:root:executing sorting primary loop, piece: 1
INFO:root:executing sorting secondary loop, piece: -3x^3
INFO:root:executing sorting secondary loop, piece: 5x^2
INFO:root:executing sorting secondary loop, piece: 9x^1
INFO:root:executing sorting secondary loop, piece: -1x^0
INFO:root:appending found highest degree piece (-3x^3) into new array, and removing from old one.
INFO:root:executing sorting primary loop, piece: 2
INFO:root:executing sorting secondary loop, piece: 5x^2
INFO:root:executing sorting secondary loop, piece: 9x^1
INFO:root:executing sorting secondary loop, piece: -1x^0
INFO:root:appending found highest degree piece (5x^2) into new array, and removing from old one.
INFO:root:executing sorting primary loop, piece: 3
INFO:root:executing sorting secondary loop, piece: 9x^1
INFO:root:executing sorting secondary loop, piece: -1x^0
INFO:root:appending found highest degree piece (9x^1) into new array, and removing from old one.
INFO:root:executing sorting primary loop, piece: 4
INFO:root:executing sorting secondary loop, piece: -1x^0
INFO:root:appending found highest degree piece (-1x^0) into new array, and removing from old one.
INFO:root:Switching arrays
INFO:root:Preparing division
INFO:root:Entry data: [2, -3, 5, 9, -1]
INFO:root:Zeroing factor: -1
INFO:root:Beginning division
INFO:root:Division loop active, iteration: 1 got -5
INFO:root:Division loop active, iteration: 2 got 10
INFO:root:Division loop active, iteration: 3 got -1
INFO:root:Division loop active, iteration: 4 got 0
INFO:root:Divison resulted in: [2, -5, 10, -1, 0]
INFO:root:Reconstruction will be necessary.
INFO:root:Beginning reconstruction...
INFO:root:Reconstruction complete
INFO:root:Starting filling holes.
INFO:root:executing primary maphorner loop, degree: 0
INFO:root:executing secondary maphorner loop, piece: -3x^4
INFO:root:executing secondary maphorner loop, piece: 2x^2
INFO:root:executing secondary maphorner loop, piece: 40x^1
INFO:root:piece of degree 0 not found, adding to end.
INFO:root:executing primary maphorner loop, degree: 1
INFO:root:executing secondary maphorner loop, piece: -3x^4
INFO:root:executing secondary maphorner loop, piece: 2x^2
INFO:root:executing secondary maphorner loop, piece: 40x^1
INFO:root:found piece of degree 1 
INFO:root:executing secondary maphorner loop, piece: 0x^0
INFO:root:executing primary maphorner loop, degree: 2
INFO:root:executing secondary maphorner loop, piece: -3x^4
INFO:root:executing secondary maphorner loop, piece: 2x^2
INFO:root:found piece of degree 2 
INFO:root:executing secondary maphorner loop, piece: 40x^1
INFO:root:executing secondary maphorner loop, piece: 0x^0
INFO:root:executing primary maphorner loop, degree: 3
INFO:root:executing secondary maphorner loop, piece: -3x^4
INFO:root:executing secondary maphorner loop, piece: 2x^2
INFO:root:executing secondary maphorner loop, piece: 40x^1
INFO:root:executing secondary maphorner loop, piece: 0x^0
INFO:root:piece of degree 3 not found, adding to end.
INFO:root:Holes filled.
INFO:root:Sorting started.
INFO:root:executing sorting primary loop, piece: 0
INFO:root:executing sorting secondary loop, piece: -3x^4
INFO:root:executing sorting secondary loop, piece: 2x^2
INFO:root:executing sorting secondary loop, piece: 40x^1
INFO:root:executing sorting secondary loop, piece: 0x^0
INFO:root:executing sorting secondary loop, piece: 0x^3
INFO:root:appending found highest degree piece (-3x^4) into new array, and removing from old one.
INFO:root:executing sorting primary loop, piece: 1
INFO:root:executing sorting secondary loop, piece: 2x^2
INFO:root:executing sorting secondary loop, piece: 40x^1
INFO:root:executing sorting secondary loop, piece: 0x^0
INFO:root:executing sorting secondary loop, piece: 0x^3
INFO:root:found new highestdegree at: 3
INFO:root:appending found highest degree piece (0x^3) into new array, and removing from old one.
INFO:root:executing sorting primary loop, piece: 2
INFO:root:executing sorting secondary loop, piece: 2x^2
INFO:root:executing sorting secondary loop, piece: 40x^1
INFO:root:executing sorting secondary loop, piece: 0x^0
INFO:root:appending found highest degree piece (2x^2) into new array, and removing from old one.
INFO:root:executing sorting primary loop, piece: 3
INFO:root:executing sorting secondary loop, piece: 40x^1
INFO:root:executing sorting secondary loop, piece: 0x^0
INFO:root:appending found highest degree piece (40x^1) into new array, and removing from old one.
INFO:root:executing sorting primary loop, piece: 4
INFO:root:executing sorting secondary loop, piece: 0x^0
INFO:root:appending found highest degree piece (0x^0) into new array, and removing from old one.
INFO:root:Switching arrays
INFO:root:Preparing division
INFO:root:Entry data: [-3, 0, 2, 40, 0]
INFO:root:Zeroing factor: 2
INFO:root:Beginning division
INFO:root:Division loop active, iteration: 1 got -6
INFO:root:Division loop active, iteration: 2 got -10
INFO:root:Division loop active, iteration: 3 got 20
INFO:root:Division loop active, iteration: 4 got 40
INFO:root:Divison resulted in: [-3, -6, -10, 20, 40]
INFO:root:Reconstruction will be necessary.
INFO:root:Beginning reconstruction...
INFO:root:Reconstruction complete
INFO:root:Starting filling holes.
INFO:root:executing primary maphorner loop, degree: 0
INFO:root:executing secondary maphorner loop, piece: -5x^3
INFO:root:executing secondary maphorner loop, piece: 4x^2
INFO:root:executing secondary maphorner loop, piece: 6x^1
INFO:root:executing secondary maphorner loop, piece: -7x^0
INFO:root:found piece of degree 0 
INFO:root:executing primary maphorner loop, degree: 1
INFO:root:executing secondary maphorner loop, piece: -5x^3
INFO:root:executing secondary maphorner loop, piece: 4x^2
INFO:root:executing secondary maphorner loop, piece: 6x^1
INFO:root:found piece of degree 1 
INFO:root:executing secondary maphorner loop, piece: -7x^0
INFO:root:executing primary maphorner loop, degree: 2
INFO:root:executing secondary maphorner loop, piece: -5x^3
INFO:root:executing secondary maphorner loop, piece: 4x^2
INFO:root:found piece of degree 2 
INFO:root:executing secondary maphorner loop, piece: 6x^1
INFO:root:executing secondary maphorner loop, piece: -7x^0
INFO:root:Holes filled.
INFO:root:Sorting started.
INFO:root:executing sorting primary loop, piece: 0
INFO:root:executing sorting secondary loop, piece: -5x^3
INFO:root:executing sorting secondary loop, piece: 4x^2
INFO:root:executing sorting secondary loop, piece: 6x^1
INFO:root:executing sorting secondary loop, piece: -7x^0
INFO:root:appending found highest degree piece (-5x^3) into new array, and removing from old one.
INFO:root:executing sorting primary loop, piece: 1
INFO:root:executing sorting secondary loop, piece: 4x^2
INFO:root:executing sorting secondary loop, piece: 6x^1
INFO:root:executing sorting secondary loop, piece: -7x^0
INFO:root:appending found highest degree piece (4x^2) into new array, and removing from old one.
INFO:root:executing sorting primary loop, piece: 2
INFO:root:executing sorting secondary loop, piece: 6x^1
INFO:root:executing sorting secondary loop, piece: -7x^0
INFO:root:appending found highest degree piece (6x^1) into new array, and removing from old one.
INFO:root:executing sorting primary loop, piece: 3
INFO:root:executing sorting secondary loop, piece: -7x^0
INFO:root:appending found highest degree piece (-7x^0) into new array, and removing from old one.
INFO:root:Switching arrays
INFO:root:Preparing division
INFO:root:Entry data: [-5, 4, 6, -7]
INFO:root:Zeroing factor: -2
INFO:root:Beginning division
INFO:root:Division loop active, iteration: 1 got 14
INFO:root:Division loop active, iteration: 2 got -22
INFO:root:Division loop active, iteration: 3 got 37
INFO:root:Divison resulted in: [-5, 14, -22, 37]
INFO:root:Reconstruction will be necessary.
INFO:root:Beginning reconstruction...
INFO:root:Reconstruction complete
INFO:root:Starting filling holes.
INFO:root:executing primary maphorner loop, degree: 0
INFO:root:executing secondary maphorner loop, piece: -1x^5
INFO:root:executing secondary maphorner loop, piece: 2x^3
INFO:root:executing secondary maphorner loop, piece: 4x^1
INFO:root:executing secondary maphorner loop, piece: 6x^0
INFO:root:found piece of degree 0 
INFO:root:executing primary maphorner loop, degree: 1
INFO:root:executing secondary maphorner loop, piece: -1x^5
INFO:root:executing secondary maphorner loop, piece: 2x^3
INFO:root:executing secondary maphorner loop, piece: 4x^1
INFO:root:found piece of degree 1 
INFO:root:executing secondary maphorner loop, piece: 6x^0
INFO:root:executing primary maphorner loop, degree: 2
INFO:root:executing secondary maphorner loop, piece: -1x^5
INFO:root:executing secondary maphorner loop, piece: 2x^3
INFO:root:executing secondary maphorner loop, piece: 4x^1
INFO:root:executing secondary maphorner loop, piece: 6x^0
INFO:root:piece of degree 2 not found, adding to end.
INFO:root:executing primary maphorner loop, degree: 3
INFO:root:executing secondary maphorner loop, piece: -1x^5
INFO:root:executing secondary maphorner loop, piece: 2x^3
INFO:root:found piece of degree 3 
INFO:root:executing secondary maphorner loop, piece: 4x^1
INFO:root:executing secondary maphorner loop, piece: 6x^0
INFO:root:executing secondary maphorner loop, piece: 0x^2
INFO:root:executing primary maphorner loop, degree: 4
INFO:root:executing secondary maphorner loop, piece: -1x^5
INFO:root:executing secondary maphorner loop, piece: 2x^3
INFO:root:executing secondary maphorner loop, piece: 4x^1
INFO:root:executing secondary maphorner loop, piece: 6x^0
INFO:root:executing secondary maphorner loop, piece: 0x^2
INFO:root:piece of degree 4 not found, adding to end.
INFO:root:Holes filled.
INFO:root:Sorting started.
INFO:root:executing sorting primary loop, piece: 0
INFO:root:executing sorting secondary loop, piece: -1x^5
INFO:root:executing sorting secondary loop, piece: 2x^3
INFO:root:executing sorting secondary loop, piece: 4x^1
INFO:root:executing sorting secondary loop, piece: 6x^0
INFO:root:executing sorting secondary loop, piece: 0x^2
INFO:root:executing sorting secondary loop, piece: 0x^4
INFO:root:appending found highest degree piece (-1x^5) into new array, and removing from old one.
INFO:root:executing sorting primary loop, piece: 1
INFO:root:executing sorting secondary loop, piece: 2x^3
INFO:root:executing sorting secondary loop, piece: 4x^1
INFO:root:executing sorting secondary loop, piece: 6x^0
INFO:root:executing sorting secondary loop, piece: 0x^2
INFO:root:executing sorting secondary loop, piece: 0x^4
INFO:root:found new highestdegree at: 4
INFO:root:appending found highest degree piece (0x^4) into new array, and removing from old one.
INFO:root:executing sorting primary loop, piece: 2
INFO:root:executing sorting secondary loop, piece: 2x^3
INFO:root:executing sorting secondary loop, piece: 4x^1
INFO:root:executing sorting secondary loop, piece: 6x^0
INFO:root:executing sorting secondary loop, piece: 0x^2
INFO:root:appending found highest degree piece (2x^3) into new array, and removing from old one.
INFO:root:executing sorting primary loop, piece: 3
INFO:root:executing sorting secondary loop, piece: 4x^1
INFO:root:executing sorting secondary loop, piece: 6x^0
INFO:root:executing sorting secondary loop, piece: 0x^2
INFO:root:found new highestdegree at: 2
INFO:root:appending found highest degree piece (0x^2) into new array, and removing from old one.
INFO:root:executing sorting primary loop, piece: 4
INFO:root:executing sorting secondary loop, piece: 4x^1
INFO:root:executing sorting secondary loop, piece: 6x^0
INFO:root:appending found highest degree piece (4x^1) into new array, and removing from old one.
INFO:root:executing sorting primary loop, piece: 5
INFO:root:executing sorting secondary loop, piece: 6x^0
INFO:root:appending found highest degree piece (6x^0) into new array, and removing from old one.
INFO:root:Switching arrays
INFO:root:Preparing division
INFO:root:Entry data: [-1, 0, 2, 0, 4, 6]
INFO:root:Zeroing factor: 1
INFO:root:Beginning division
INFO:root:Division loop active, iteration: 1 got -1
INFO:root:Division loop active, iteration: 2 got 1
INFO:root:Division loop active, iteration: 3 got 1
INFO:root:Division loop active, iteration: 4 got 5
INFO:root:Division loop active, iteration: 5 got 11
INFO:root:Divison resulted in: [-1, -1, 1, 1, 5, 11]
INFO:root:Reconstruction will be necessary.
INFO:root:Beginning reconstruction...
INFO:root:Reconstruction complete
